\BOOKMARK [1][-]{section.1}{Einf\374hrung}{}% 1
\BOOKMARK [2][-]{subsection.1.1}{Perceptron}{section.1}% 2
\BOOKMARK [2][-]{subsection.1.2}{Aktivierungsfunktion}{section.1}% 3
\BOOKMARK [1][-]{section.2}{Design \334bersicht}{}% 4
\BOOKMARK [2][-]{subsection.2.1}{Top Level}{section.2}% 5
\BOOKMARK [2][-]{subsection.2.2}{Layer Level}{section.2}% 6
\BOOKMARK [1][-]{section.3}{Modul-Implementierung}{}% 7
\BOOKMARK [2][-]{subsection.3.1}{Top Level Resolver}{section.3}% 8
\BOOKMARK [2][-]{subsection.3.2}{Storage}{section.3}% 9
\BOOKMARK [2][-]{subsection.3.3}{Layer Resolver}{section.3}% 10
\BOOKMARK [2][-]{subsection.3.4}{Perzeptron}{section.3}% 11
\BOOKMARK [1][-]{section.4}{Gesamt-Implementierung}{}% 12
\BOOKMARK [2][-]{subsection.4.1}{Instanziierung Der layer}{section.4}% 13
\BOOKMARK [1][-]{section.5}{Validierung}{}% 14
\BOOKMARK [2][-]{subsection.5.1}{Modultest}{section.5}% 15
\BOOKMARK [3][-]{subsubsection.5.1.1}{Top Level Resolver}{subsection.5.1}% 16
\BOOKMARK [3][-]{subsubsection.5.1.2}{Storage}{subsection.5.1}% 17
\BOOKMARK [3][-]{subsubsection.5.1.3}{Layer Resolver}{subsection.5.1}% 18
\BOOKMARK [3][-]{subsubsection.5.1.4}{Perzeptron}{subsection.5.1}% 19
\BOOKMARK [2][-]{subsection.5.2}{Integrationstest}{section.5}% 20
\BOOKMARK [3][-]{subsubsection.5.2.1}{Top Level Resover und Storage}{subsection.5.2}% 21
\BOOKMARK [2][-]{subsection.5.3}{Systemtest}{section.5}% 22
\BOOKMARK [2][-]{subsection.5.4}{Timing-Analyse}{section.5}% 23
\BOOKMARK [1][-]{section.6}{Zusammenfassung und Ausblick}{}% 24
\BOOKMARK [1][-]{section.7}{Eigenst\344ndigkeitserkl\344rung}{}% 25
